{
  "stats": {
    "suites": 1,
    "tests": 4,
    "passes": 4,
    "pending": 0,
    "failures": 0,
    "testsRegistered": 4,
    "passPercent": 100,
    "pendingPercent": 0,
    "other": 0,
    "hasOther": false,
    "skipped": 0,
    "hasSkipped": false,
    "start": "2025-05-13T13:57:32.798Z",
    "end": "2025-05-13T13:57:35.099Z",
    "duration": 2301
  },
  "results": [
    {
      "uuid": "278e5dab-9063-40a7-982e-fbdcf5e215f2",
      "title": "",
      "fullFile": "cypress/e2e/service/add_service.cy.js",
      "file": "cypress/e2e/service/add_service.cy.js",
      "beforeHooks": [],
      "afterHooks": [],
      "tests": [],
      "suites": [
        {
          "uuid": "ded002a7-98ec-45ea-9c33-ac6c4f325a8e",
          "title": "Add Service Test",
          "fullFile": "",
          "file": "",
          "beforeHooks": [],
          "afterHooks": [],
          "tests": [
            {
              "title": "should add service successfully when given serviceName and upstreamURL",
              "fullTitle": "Add Service Test should add service successfully when given serviceName and upstreamURL",
              "timedOut": null,
              "duration": 1431,
              "state": "passed",
              "speed": "fast",
              "pass": true,
              "fail": false,
              "pending": false,
              "context": null,
              "code": "cy.task('log', this.fixtureData);\naddServicePage.addService(this.fixtureData.upstreamURL, this.fixtureData.serviceName);",
              "err": {},
              "uuid": "b7a36952-4c36-4e94-bdb4-53e743c42eff",
              "parentUUID": "ded002a7-98ec-45ea-9c33-ac6c4f325a8e",
              "isHook": false,
              "skipped": false
            },
            {
              "title": "should add service successfully when only given upstreamURL",
              "fullTitle": "Add Service Test should add service successfully when only given upstreamURL",
              "timedOut": null,
              "duration": 119,
              "state": "passed",
              "speed": "fast",
              "pass": true,
              "fail": false,
              "pending": false,
              "context": null,
              "code": "",
              "err": {},
              "uuid": "bf80eb90-bebf-437e-a20d-2daf4daf5d81",
              "parentUUID": "ded002a7-98ec-45ea-9c33-ac6c4f325a8e",
              "isHook": false,
              "skipped": false
            },
            {
              "title": "should add service successfully when only given upstreamURL",
              "fullTitle": "Add Service Test should add service successfully when only given upstreamURL",
              "timedOut": null,
              "duration": 114,
              "state": "passed",
              "speed": "fast",
              "pass": true,
              "fail": false,
              "pending": false,
              "context": null,
              "code": "",
              "err": {},
              "uuid": "710f3f7e-0c0d-4ad4-b4f2-8d00fb572d03",
              "parentUUID": "ded002a7-98ec-45ea-9c33-ac6c4f325a8e",
              "isHook": false,
              "skipped": false
            },
            {
              "title": "should cancel service successfully",
              "fullTitle": "Add Service Test should cancel service successfully",
              "timedOut": null,
              "duration": 67,
              "state": "passed",
              "speed": "fast",
              "pass": true,
              "fail": false,
              "pending": false,
              "context": null,
              "code": "",
              "err": {},
              "uuid": "13d87d9b-3191-4360-92b4-fec90c527522",
              "parentUUID": "ded002a7-98ec-45ea-9c33-ac6c4f325a8e",
              "isHook": false,
              "skipped": false
            }
          ],
          "suites": [],
          "passes": [
            "b7a36952-4c36-4e94-bdb4-53e743c42eff",
            "bf80eb90-bebf-437e-a20d-2daf4daf5d81",
            "710f3f7e-0c0d-4ad4-b4f2-8d00fb572d03",
            "13d87d9b-3191-4360-92b4-fec90c527522"
          ],
          "failures": [],
          "pending": [],
          "skipped": [],
          "duration": 1731,
          "root": false,
          "rootEmpty": false,
          "_timeout": 2000
        }
      ],
      "passes": [],
      "failures": [],
      "pending": [],
      "skipped": [],
      "duration": 0,
      "root": true,
      "rootEmpty": true,
      "_timeout": 2000
    }
  ],
  "meta": {
    "mocha": {
      "version": "7.2.0"
    },
    "mochawesome": {
      "options": {
        "quiet": false,
        "reportFilename": "gateway-report",
        "saveHtml": true,
        "saveJson": true,
        "consoleReporter": "spec",
        "useInlineDiffs": false,
        "code": true
      },
      "version": "7.1.3"
    },
    "marge": {
      "options": {
        "reportDir": "cypress/results",
        "overwrite": true,
        "json": true,
        "reportFilename": "gateway-report"
      },
      "version": "6.2.0"
    }
  }
}